<?xml version="1.0" encoding="UTF-8"?>
<!-- Generated by org.testng.reporters.JUnitReportReporter -->
<testsuite hostname="DESKTOP-1580EJV" failures="0" tests="1" name="testscript.KitchenPage_Test" time="32.796" errors="0" timestamp="2024-09-19T17:42:34 IST" skipped="0">
  <testcase classname="testscript.KitchenPage_Test" name="verify_kitchen_Order" time="32.796"/>
  <system-out/>
</testsuite> <!-- testscript.KitchenPage_Test -->
