<?xml version="1.0" encoding="UTF-8"?>
<!-- Generated by org.testng.reporters.JUnitReportReporter -->
<testsuite hostname="DESKTOP-1580EJV" failures="0" tests="2" name="testscript.UserActionsPageTest" time="40.545" errors="0" timestamp="2024-09-19T19:10:40 IST" skipped="0">
  <testcase classname="testscript.UserActionsPageTest" name="verify_UserEdit_Action" time="22.124"/>
  <system-out/>
  <testcase classname="testscript.UserActionsPageTest" name="verify_ViewUser_Page" time="18.421"/>
  <system-out/>
</testsuite> <!-- testscript.UserActionsPageTest -->
