<?xml version="1.0" encoding="UTF-8"?>
<!-- Generated by org.testng.reporters.JUnitReportReporter -->
<testsuite hostname="DESKTOP-1580EJV" failures="0" tests="1" name="testscript.HomePage_Test" time="19.749" errors="0" timestamp="2024-09-19T19:10:40 IST" skipped="0">
  <testcase classname="testscript.HomePage_Test" name="verify_userLogin_date" time="19.749"/>
  <system-out/>
</testsuite> <!-- testscript.HomePage_Test -->
