<?xml version="1.0" encoding="UTF-8"?>
<!-- Generated by org.testng.reporters.JUnitReportReporter -->
<testsuite hostname="DESKTOP-1580EJV" failures="0" tests="1" name="testscript.ResetPage_Test" time="15.247" errors="0" timestamp="2024-09-19T17:54:33 IST" skipped="0">
  <testcase classname="testscript.ResetPage_Test" name="verify_paswrdReset_withValid_emailAddress" time="15.247"/>
  <system-out/>
</testsuite> <!-- testscript.ResetPage_Test -->
